2024-12-02 17:02:16,194 - MainThread - INFO - Starting Google ASR Transcription
2024-12-02 17:03:21,747 - MainThread - INFO - Application closing, stopping transcription thread.
2024-12-02 17:03:35,042 - MainThread - INFO - Starting Google ASR Transcription
2024-12-02 17:03:35,043 - Dummy-2 - INFO - Starting Google ASR Transcription Thread
2024-12-02 17:06:09,539 - MainThread - INFO - Application closing, stopping transcription thread.
2024-12-02 17:06:09,539 - MainThread - DEBUG - Stopping Google ASR Transcription Thread
2024-12-02 17:06:09,577 - Dummy-2 - INFO - Google ASR Transcription Thread Stopped
2024-12-02 17:06:24,185 - MainThread - INFO - Starting Google ASR Transcription
2024-12-02 17:06:24,187 - Dummy-2 - INFO - Starting Google ASR Transcription Thread
2024-12-02 17:06:27,434 - Thread-3 (threaded_listen) - ERROR - Failed to parse JSON: {"result":[]}
{"result":[{"alternative":[{"transcript":"hello","confidence":0.95212841}],"final":true}],"result_index":0}

2024-12-02 17:06:41,444 - Thread-3 (threaded_listen) - ERROR - Failed to parse JSON: {"result":[]}
{"result":[{"alternative":[{"transcript":"how is it going","confidence":0.95212841}],"final":true}],"result_index":0}

2024-12-02 17:06:56,530 - MainThread - INFO - Application closing, stopping transcription thread.
2024-12-02 17:06:56,530 - MainThread - DEBUG - Stopping Google ASR Transcription Thread
2024-12-02 17:06:56,634 - Dummy-2 - INFO - Google ASR Transcription Thread Stopped
2024-12-02 17:40:23,774 - MainThread - INFO - Application closing, stopping transcription thread.
2024-12-02 19:15:09,540 - MainThread - INFO - Application closing, stopping transcription thread.
2024-12-02 19:15:29,954 - MainThread - INFO - Starting Google ASR Transcription
2024-12-02 19:15:29,955 - Dummy-2 - INFO - Starting Google ASR Transcription Thread
2024-12-02 19:16:15,994 - MainThread - INFO - Application closing, stopping transcription thread.
2024-12-02 19:16:15,994 - MainThread - DEBUG - Stopping Google ASR Transcription Thread
2024-12-02 19:16:16,648 - Dummy-2 - INFO - Google ASR Transcription Thread Stopped
2024-12-02 19:17:57,243 - MainThread - INFO - Application closing, stopping transcription thread.
2024-12-02 19:18:37,935 - MainThread - INFO - Starting Google ASR Transcription
2024-12-02 19:18:37,937 - Dummy-2 - INFO - Starting Google ASR Transcription Thread
2024-12-02 19:19:31,626 - MainThread - INFO - Application closing, stopping transcription thread.
2024-12-02 19:19:31,626 - MainThread - DEBUG - Stopping Google ASR Transcription Thread
2024-12-02 19:19:32,583 - Dummy-2 - INFO - Google ASR Transcription Thread Stopped
2024-12-02 19:20:00,896 - MainThread - INFO - Application closing, stopping transcription thread.
2024-12-02 19:21:29,464 - MainThread - INFO - Application closing, stopping transcription thread.
2024-12-03 10:27:31,372 - MainThread - INFO - Application closing, stopping transcription thread.
2024-12-03 19:59:50,040 - MainThread - INFO - Application closing, stopping transcription thread.
2024-12-04 17:38:08,198 - MainThread - INFO - Application closing, stopping transcription thread.
2024-12-06 15:39:58,122 - MainThread - INFO - Application closing, stopping transcription thread.
2024-12-19 14:46:15,166 - MainThread - INFO - Application closing, stopping transcription thread.
2024-12-20 11:48:35,728 - MainThread - INFO - Application closing, stopping transcription thread.
2024-12-20 11:57:47,655 - MainThread - INFO - Application closing, stopping transcription thread.
2024-12-20 12:03:20,518 - MainThread - INFO - Application closing, stopping transcription thread.
2024-12-20 13:41:50,277 - MainThread - INFO - Application closing, stopping transcription thread.
2024-12-20 13:42:37,919 - MainThread - INFO - Application closing, stopping transcription thread.
2024-12-20 13:44:19,269 - MainThread - INFO - Application closing, stopping transcription thread.
2024-12-20 17:00:20,982 - MainThread - INFO - Application closing, stopping transcription thread.
